<?xml version="1.0" encoding="UTF-8"?>
<testsuite name="AtmTest" tests="19" skipped="0" failures="0" errors="0" timestamp="2016-02-22T16:02:00" hostname="raulxps" time="0.048">
  <properties/>
  <testcase name="testWithdrawValidMoneyDollarAndCents" classname="AtmTest" time="0.015"/>
  <testcase name="testDepositInvalidMoneyLessThanOneCent" classname="AtmTest" time="0.001"/>
  <testcase name="testBasicConsoleInteraction" classname="AtmTest" time="0.005"/>
  <testcase name="testWithdrawInvalidMoneyNegative" classname="AtmTest" time="0.001"/>
  <testcase name="testDepositInvalidMoneyZero" classname="AtmTest" time="0.001"/>
  <testcase name="testWithdrawInvalidMoneyZero" classname="AtmTest" time="0.001"/>
  <testcase name="testWithdrawValidMoneyOnlyCents" classname="AtmTest" time="0.001"/>
  <testcase name="testDepositValidMoneyDollarAndCents" classname="AtmTest" time="0.001"/>
  <testcase name="testDepositInvalidMoneyNegativeAmount" classname="AtmTest" time="0.001"/>
  <testcase name="testDepositValidMoneyOnlyCents" classname="AtmTest" time="0.001"/>
  <testcase name="testGetValidBalance" classname="AtmTest" time="0.001"/>
  <testcase name="testDepositValidMoneyWholeDollar" classname="AtmTest" time="0.002"/>
  <testcase name="testWithdrawInvalidMoneyBlank" classname="AtmTest" time="0.004"/>
  <testcase name="testGetAccountInvalidPin" classname="AtmTest" time="0.001"/>
  <testcase name="testWithdrawValidMoneyWholeDollar" classname="AtmTest" time="0.001"/>
  <testcase name="testWithdrawTooMuchMoney" classname="AtmTest" time="0.002"/>
  <testcase name="testGetAccountValidPin" classname="AtmTest" time="0.001"/>
  <testcase name="testDepositInvalidMoneyBlank" classname="AtmTest" time="0.003"/>
  <testcase name="testWithdrawInvalidMoneyLessThanOneCent" classname="AtmTest" time="0.001"/>
  <system-out><![CDATA[]]></system-out>
  <system-err><![CDATA[]]></system-err>
</testsuite>
